[2020-10-08T10:33:18.785] [DEBUG] cheese - login => username:12ad,password:123141
[2020-10-08T10:33:18.787] [DEBUG] cheese - 12ad
[2020-10-08T10:33:18.812] [DEBUG] cheese - { inspect: [Function: inspect] }
[2020-10-08T10:33:18.814] [DEBUG] cheese - 查询失败
[2020-10-08T10:34:32.034] [DEBUG] cheese - login => username:afdfvs,password:123412
[2020-10-08T10:34:32.034] [DEBUG] cheese - afdfvs
[2020-10-08T10:34:32.036] [DEBUG] cheese - { inspect: [Function: inspect] }
[2020-10-08T10:34:32.036] [DEBUG] cheese - 查询失败
[2020-10-08T10:34:40.161] [DEBUG] cheese - login => username:admin,password:123456
[2020-10-08T10:34:40.161] [DEBUG] cheese - admin
[2020-10-08T10:34:40.162] [DEBUG] cheese - { inspect: [Function: inspect] }
[2020-10-08T10:34:40.163] [DEBUG] cheese - 查询失败
[2020-10-08T10:54:31.784] [DEBUG] cheese - login => username:admin,password:123456
[2020-10-08T10:54:31.784] [DEBUG] cheese - admin
[2020-10-08T10:54:31.787] [DEBUG] cheese - { inspect: [Function: inspect] }
[2020-10-08T10:54:31.787] [DEBUG] cheese - 查询失败
[2020-10-08T10:56:01.545] [DEBUG] cheese - login => username:admin,password:123456
[2020-10-08T10:56:01.545] [DEBUG] cheese - admin
[2020-10-08T10:56:01.546] [DEBUG] cheese - { inspect: [Function: inspect] }
[2020-10-08T10:56:01.547] [DEBUG] cheese - 查询失败
[2020-10-08T15:50:49.557] [DEBUG] cheese - login => username:adc,password:vdvsvs
[2020-10-08T15:50:49.558] [DEBUG] cheese - adc
[2020-10-08T15:50:49.563] [DEBUG] cheese - { inspect: [Function: inspect] }
[2020-10-08T15:50:49.563] [DEBUG] cheese - 查询失败
[2020-10-08T16:09:48.498] [DEBUG] cheese - login => username:231,password:dwfcws
[2020-10-08T16:09:48.498] [DEBUG] cheese - 231
[2020-10-08T16:09:48.500] [DEBUG] cheese - { inspect: [Function: inspect] }
[2020-10-08T16:09:48.500] [DEBUG] cheese - 查询失败
[2020-10-08T22:44:17.750] [DEBUG] cheese - login => username:admin,password:123456
[2020-10-08T22:44:17.752] [DEBUG] cheese - admin
[2020-10-08T22:44:17.804] [DEBUG] cheese - { inspect: [Function: inspect] }
[2020-10-08T22:44:17.807] [DEBUG] cheese - 查询失败
[2020-10-08T22:46:04.822] [DEBUG] cheese - login => username:admin,password:123456
[2020-10-08T22:46:04.822] [DEBUG] cheese - admin
[2020-10-08T22:46:04.825] [DEBUG] cheese - { inspect: [Function: inspect] }
[2020-10-08T22:46:04.826] [DEBUG] cheese - 查询失败
[2020-10-08T22:46:09.559] [DEBUG] cheese - login => username:admin,password:174152
[2020-10-08T22:46:09.559] [DEBUG] cheese - admin
[2020-10-08T22:46:09.561] [DEBUG] cheese - { inspect: [Function: inspect] }
[2020-10-08T22:46:09.561] [DEBUG] cheese - 查询失败
[2020-10-08T22:48:14.474] [DEBUG] cheese - login => username:admin,password:123456
[2020-10-08T22:48:14.474] [DEBUG] cheese - admin
[2020-10-08T22:48:14.477] [DEBUG] cheese - { inspect: [Function: inspect] }
[2020-10-08T22:48:14.477] [DEBUG] cheese - 查询失败
[2020-10-08T22:49:16.793] [DEBUG] cheese - login => username:admin,password:123456
[2020-10-08T22:49:16.793] [DEBUG] cheese - admin
[2020-10-08T22:49:16.795] [DEBUG] cheese - { inspect: [Function: inspect] }
[2020-10-08T22:49:16.795] [DEBUG] cheese - 查询失败
[2020-10-08T23:07:44.821] [DEBUG] cheese - login => username:1231,password:dcwfedv
[2020-10-08T23:07:44.822] [DEBUG] cheese - 1231
[2020-10-08T23:07:44.835] [DEBUG] cheese - { inspect: [Function: inspect] }
[2020-10-08T23:07:44.837] [DEBUG] cheese - 查询失败
[2020-10-08T23:07:53.812] [DEBUG] cheese - login => username:admin,password:123456
[2020-10-08T23:07:53.812] [DEBUG] cheese - admin
[2020-10-08T23:07:53.815] [DEBUG] cheese - { inspect: [Function: inspect] }
[2020-10-08T23:07:53.815] [DEBUG] cheese - 查询失败
[2020-10-09T10:52:25.763] [DEBUG] cheese - login => username:admin,password:123456
[2020-10-09T10:52:25.764] [DEBUG] cheese - admin
[2020-10-09T10:52:25.788] [DEBUG] cheese - null
[2020-10-09T10:52:25.789] [DEBUG] cheese - null
[2020-10-09T11:03:28.637] [DEBUG] cheese - login => username:admin,password:123456
[2020-10-09T11:03:28.637] [DEBUG] cheese - admin
[2020-10-09T11:03:28.641] [DEBUG] cheese - null
[2020-10-09T11:03:28.641] [DEBUG] cheese - null
[2020-10-09T11:27:37.315] [DEBUG] cheese - login => username:admin,password:123456
[2020-10-09T11:27:37.315] [DEBUG] cheese - admin
[2020-10-09T11:27:37.320] [DEBUG] cheese - null
[2020-10-09T11:27:37.320] [DEBUG] cheese - null
[2020-10-09T11:29:41.627] [DEBUG] cheese - login => username:admin,password:123456
[2020-10-09T11:29:41.627] [DEBUG] cheese - admin
[2020-10-09T11:29:41.632] [DEBUG] cheese - null
[2020-10-09T11:29:41.632] [DEBUG] cheese - null
[2020-10-09T14:05:34.660] [DEBUG] cheese - login => username:admin,password:123456
[2020-10-09T14:05:34.660] [DEBUG] cheese - admin
[2020-10-09T14:05:34.668] [DEBUG] cheese - null
[2020-10-09T14:05:34.668] [DEBUG] cheese - null
[2020-10-09T15:03:47.018] [DEBUG] cheese - login => username:admin,password:123456
[2020-10-09T15:03:47.019] [DEBUG] cheese - admin
[2020-10-09T15:03:47.024] [DEBUG] cheese - null
[2020-10-09T15:03:47.025] [DEBUG] cheese - null
[2020-10-09T15:09:35.625] [DEBUG] cheese - login => username:admin,password:123456
[2020-10-09T15:09:35.625] [DEBUG] cheese - admin
[2020-10-09T15:09:35.628] [DEBUG] cheese - null
[2020-10-09T15:09:35.628] [DEBUG] cheese - null
[2020-10-09T15:10:09.253] [DEBUG] cheese - login => username:admin,password:123456
[2020-10-09T15:10:09.253] [DEBUG] cheese - admin
[2020-10-09T15:10:09.254] [DEBUG] cheese - null
[2020-10-09T15:10:09.255] [DEBUG] cheese - null
[2020-10-09T15:24:59.475] [DEBUG] cheese - login => username:admin,password:123456
[2020-10-09T15:24:59.475] [DEBUG] cheese - admin
[2020-10-09T15:24:59.477] [DEBUG] cheese - null
[2020-10-09T15:24:59.477] [DEBUG] cheese - null
[2020-10-09T15:49:13.899] [DEBUG] cheese - login => username:admin,password:123456
[2020-10-09T15:49:13.899] [DEBUG] cheese - admin
[2020-10-09T15:49:13.903] [DEBUG] cheese - null
[2020-10-09T15:49:13.903] [DEBUG] cheese - null
[2020-10-09T15:50:47.818] [DEBUG] cheese - login => username:admin,password:123456
[2020-10-09T15:50:47.818] [DEBUG] cheese - admin
[2020-10-09T15:50:47.819] [DEBUG] cheese - null
[2020-10-09T15:50:47.819] [DEBUG] cheese - null
[2020-10-09T15:51:48.058] [DEBUG] cheese - login => username:admin,password:123456
[2020-10-09T15:51:48.058] [DEBUG] cheese - admin
[2020-10-09T15:51:48.059] [DEBUG] cheese - null
[2020-10-09T15:51:48.060] [DEBUG] cheese - null
[2020-10-09T15:52:55.201] [DEBUG] cheese - login => username:admin,password:123456
[2020-10-09T15:52:55.201] [DEBUG] cheese - admin
[2020-10-09T15:52:55.202] [DEBUG] cheese - null
[2020-10-09T15:52:55.202] [DEBUG] cheese - null
[2020-10-09T20:22:34.835] [DEBUG] cheese - login => username:admin,password:123456
[2020-10-09T20:22:34.836] [DEBUG] cheese - admin
[2020-10-09T20:22:34.847] [DEBUG] cheese - null
[2020-10-09T20:22:34.847] [DEBUG] cheese - null
[2020-10-10T14:09:05.888] [DEBUG] cheese - login => username:admin,password:123456
[2020-10-10T14:09:05.890] [DEBUG] cheese - admin
[2020-10-10T14:09:05.992] [DEBUG] cheese - null
[2020-10-10T14:09:05.993] [DEBUG] cheese - null
[2020-10-10T20:51:12.520] [DEBUG] cheese - login => username:admin,password:123456
[2020-10-10T20:51:12.520] [DEBUG] cheese - admin
[2020-10-10T20:51:12.522] [DEBUG] cheese - null
[2020-10-10T20:51:12.522] [DEBUG] cheese - null
[2020-10-11T09:42:48.290] [DEBUG] cheese - login => username:admin,password:123456
[2020-10-11T09:42:48.292] [DEBUG] cheese - admin
[2020-10-11T09:42:48.410] [DEBUG] cheese - null
[2020-10-11T09:42:48.411] [DEBUG] cheese - null
[2020-10-11T11:29:36.686] [DEBUG] cheese - null
[2020-10-11T11:30:25.046] [DEBUG] cheese - null
[2020-10-11T11:36:14.985] [DEBUG] cheese - null
[2020-10-11T11:36:20.389] [DEBUG] cheese - null
[2020-10-11T11:36:25.356] [DEBUG] cheese - null
[2020-10-11T11:36:49.526] [DEBUG] cheese - null
[2020-10-11T11:36:52.389] [DEBUG] cheese - null
[2020-10-11T11:39:22.581] [DEBUG] cheese - null
[2020-10-11T11:39:25.350] [DEBUG] cheese - null
[2020-10-11T11:39:28.830] [DEBUG] cheese - null
[2020-10-11T11:39:31.732] [DEBUG] cheese - null
[2020-10-11T11:39:36.764] [DEBUG] cheese - null
[2020-10-11T11:39:39.573] [DEBUG] cheese - null
[2020-10-11T11:39:56.894] [DEBUG] cheese - null
[2020-10-11T19:41:24.400] [DEBUG] cheese - null
[2020-10-12T10:44:50.823] [DEBUG] cheese - login => username:admin,password:123456
[2020-10-12T10:44:50.824] [DEBUG] cheese - admin
[2020-10-12T10:44:50.908] [DEBUG] cheese - null
[2020-10-12T10:44:50.908] [DEBUG] cheese - null
[2020-10-12T14:21:49.746] [DEBUG] cheese - login => username:admin,password:123456
[2020-10-12T14:21:49.748] [DEBUG] cheese - admin
[2020-10-12T14:21:49.753] [DEBUG] cheese - null
[2020-10-12T14:21:49.753] [DEBUG] cheese - null
[2020-10-12T21:55:35.141] [DEBUG] cheese - login => username:admin,password:123456
[2020-10-12T21:55:35.143] [DEBUG] cheese - admin
[2020-10-12T21:55:35.151] [DEBUG] cheese - null
[2020-10-12T21:55:35.151] [DEBUG] cheese - null
[2020-10-13T09:42:01.015] [DEBUG] cheese - login => username:admin,password:123456
[2020-10-13T09:42:01.016] [DEBUG] cheese - admin
[2020-10-13T09:42:01.080] [DEBUG] cheese - null
[2020-10-13T09:42:01.081] [DEBUG] cheese - null
[2020-10-14T10:03:42.628] [DEBUG] cheese - login => username:admin,password:123456
[2020-10-14T10:03:42.630] [DEBUG] cheese - admin
[2020-10-14T10:03:42.694] [DEBUG] cheese - null
[2020-10-14T10:03:42.694] [DEBUG] cheese - null
[2020-10-14T21:44:24.865] [DEBUG] cheese - login => username:admin,password:123456
[2020-10-14T21:44:24.867] [DEBUG] cheese - admin
[2020-10-14T21:44:24.975] [DEBUG] cheese - null
[2020-10-14T21:44:24.976] [DEBUG] cheese - null
[2020-10-15T09:01:57.812] [DEBUG] cheese - login => username:admin,password:123456
[2020-10-15T09:01:57.814] [DEBUG] cheese - admin
[2020-10-15T09:01:57.924] [DEBUG] cheese - null
[2020-10-15T09:01:57.924] [DEBUG] cheese - null
[2020-10-15T22:02:39.047] [DEBUG] cheese - null
[2020-10-16T08:43:33.243] [DEBUG] cheese - login => username:admin,password:123456
[2020-10-16T08:43:33.246] [DEBUG] cheese - admin
[2020-10-16T08:43:33.344] [DEBUG] cheese - null
[2020-10-16T08:43:33.345] [DEBUG] cheese - null
[2020-10-16T11:28:21.507] [DEBUG] cheese - login => username:admin,password:123456
[2020-10-16T11:28:21.509] [DEBUG] cheese - admin
[2020-10-16T11:28:21.515] [DEBUG] cheese - null
[2020-10-16T11:28:21.515] [DEBUG] cheese - null
[2020-10-16T15:42:14.469] [DEBUG] cheese - login => username:admin,password:123456
[2020-10-16T15:42:14.471] [DEBUG] cheese - admin
[2020-10-16T15:42:14.476] [DEBUG] cheese - null
[2020-10-16T15:42:14.477] [DEBUG] cheese - null
[2020-10-16T17:30:57.628] [DEBUG] cheese - login => username:admin,password:123456
[2020-10-16T17:30:57.629] [DEBUG] cheese - admin
[2020-10-16T17:30:57.641] [DEBUG] cheese - null
[2020-10-16T17:30:57.641] [DEBUG] cheese - null
[2020-10-16T17:33:32.616] [DEBUG] cheese - login => username:admin,password:123456
[2020-10-16T17:33:32.616] [DEBUG] cheese - admin
[2020-10-16T17:33:32.622] [DEBUG] cheese - null
[2020-10-16T17:33:32.622] [DEBUG] cheese - null
[2020-10-16T21:08:06.142] [DEBUG] cheese - login => username:admin,password:123456
[2020-10-16T21:08:06.143] [DEBUG] cheese - admin
[2020-10-16T21:08:06.158] [DEBUG] cheese - null
[2020-10-16T21:08:06.158] [DEBUG] cheese - null
[2020-10-16T22:35:47.944] [DEBUG] cheese - login => username:admin,password:123456
[2020-10-16T22:35:47.945] [DEBUG] cheese - admin
[2020-10-16T22:35:47.948] [DEBUG] cheese - null
[2020-10-16T22:35:47.948] [DEBUG] cheese - null
[2020-10-16T22:38:47.568] [DEBUG] cheese - login => username:admin,password:123456
[2020-10-16T22:38:47.570] [DEBUG] cheese - admin
[2020-10-16T22:38:47.581] [DEBUG] cheese - null
[2020-10-16T22:38:47.582] [DEBUG] cheese - null
[2020-10-16T22:52:22.718] [DEBUG] cheese - login => username:admin,password:123456
[2020-10-16T22:52:22.720] [DEBUG] cheese - admin
[2020-10-16T22:52:22.725] [DEBUG] cheese - null
[2020-10-16T22:52:22.725] [DEBUG] cheese - null
[2020-10-16T22:54:34.644] [DEBUG] cheese - login => username:admin,password:123456
[2020-10-16T22:54:34.644] [DEBUG] cheese - admin
[2020-10-16T22:54:34.646] [DEBUG] cheese - null
[2020-10-16T22:54:34.646] [DEBUG] cheese - null
[2020-10-17T09:06:42.884] [DEBUG] cheese - login => username:admin,password:123456
[2020-10-17T09:06:42.887] [DEBUG] cheese - admin
[2020-10-17T09:06:43.011] [DEBUG] cheese - null
[2020-10-17T09:06:43.012] [DEBUG] cheese - null
[2020-10-17T09:07:45.697] [DEBUG] cheese - login => username:admin,password:123456
[2020-10-17T09:07:45.697] [DEBUG] cheese - admin
[2020-10-17T09:07:45.699] [DEBUG] cheese - null
[2020-10-17T09:07:45.699] [DEBUG] cheese - null
[2020-10-17T09:12:44.531] [DEBUG] cheese - login => username:admin,password:123456
[2020-10-17T09:12:44.533] [DEBUG] cheese - admin
[2020-10-17T09:12:44.535] [DEBUG] cheese - null
[2020-10-17T09:12:44.536] [DEBUG] cheese - null
[2020-10-17T09:16:57.288] [DEBUG] cheese - login => username:admin,password:123456
[2020-10-17T09:16:57.288] [DEBUG] cheese - admin
[2020-10-17T09:16:57.291] [DEBUG] cheese - null
[2020-10-17T09:16:57.291] [DEBUG] cheese - null
[2020-10-17T09:20:29.768] [DEBUG] cheese - login => username:admin,password:123456
[2020-10-17T09:20:29.768] [DEBUG] cheese - admin
[2020-10-17T09:20:29.770] [DEBUG] cheese - null
[2020-10-17T09:20:29.770] [DEBUG] cheese - null
[2020-10-17T10:17:10.792] [DEBUG] cheese - login => username:admin,password:123456
[2020-10-17T10:17:10.793] [DEBUG] cheese - admin
[2020-10-17T10:17:10.800] [DEBUG] cheese - null
[2020-10-17T10:17:10.801] [DEBUG] cheese - null
[2020-10-17T10:20:21.376] [DEBUG] cheese - login => username:admin,password:123456
[2020-10-17T10:20:21.378] [DEBUG] cheese - admin
[2020-10-17T10:20:21.380] [DEBUG] cheese - null
[2020-10-17T10:20:21.381] [DEBUG] cheese - null
[2020-10-17T10:21:23.918] [DEBUG] cheese - login => username:admin,password:123456
[2020-10-17T10:21:23.918] [DEBUG] cheese - admin
[2020-10-17T10:21:23.919] [DEBUG] cheese - null
[2020-10-17T10:21:23.920] [DEBUG] cheese - null
[2020-10-17T10:34:33.286] [DEBUG] cheese - login => username:admin,password:123456
[2020-10-17T10:34:33.286] [DEBUG] cheese - admin
[2020-10-17T10:34:33.291] [DEBUG] cheese - null
[2020-10-17T10:34:33.291] [DEBUG] cheese - null
[2020-10-17T11:07:42.881] [DEBUG] cheese - login => username:admin,password:123456
[2020-10-17T11:07:42.881] [DEBUG] cheese - admin
[2020-10-17T11:07:42.885] [DEBUG] cheese - null
[2020-10-17T11:07:42.885] [DEBUG] cheese - null
[2020-10-17T11:10:26.920] [DEBUG] cheese - login => username:admin,password:123456
[2020-10-17T11:10:26.920] [DEBUG] cheese - admin
[2020-10-17T11:10:26.924] [DEBUG] cheese - null
[2020-10-17T11:10:26.925] [DEBUG] cheese - null
[2020-10-17T11:20:41.996] [DEBUG] cheese - login => username:admin,password:123456
[2020-10-17T11:20:41.996] [DEBUG] cheese - admin
[2020-10-17T11:20:42.000] [DEBUG] cheese - null
[2020-10-17T11:20:42.000] [DEBUG] cheese - null
[2020-10-17T11:21:18.383] [DEBUG] cheese - login => username:admin,password:123456
[2020-10-17T11:21:18.383] [DEBUG] cheese - admin
[2020-10-17T11:21:18.384] [DEBUG] cheese - null
[2020-10-17T11:21:18.384] [DEBUG] cheese - null
[2020-10-18T10:27:55.306] [DEBUG] cheese - login => username:admin,password:123456
[2020-10-18T10:27:55.307] [DEBUG] cheese - admin
[2020-10-18T10:27:55.407] [DEBUG] cheese - null
[2020-10-18T10:27:55.407] [DEBUG] cheese - null
[2020-10-18T10:51:16.208] [DEBUG] cheese - login => username:admin,password:123456
[2020-10-18T10:51:16.208] [DEBUG] cheese - admin
[2020-10-18T10:51:16.213] [DEBUG] cheese - null
[2020-10-18T10:51:16.213] [DEBUG] cheese - null
[2020-10-18T11:28:46.058] [DEBUG] cheese - login => username:admin,password:123456
[2020-10-18T11:28:46.060] [DEBUG] cheese - admin
[2020-10-18T11:28:46.062] [DEBUG] cheese - null
[2020-10-18T11:28:46.062] [DEBUG] cheese - null
[2020-10-18T21:21:14.371] [DEBUG] cheese - login => username:admin,password:123456
[2020-10-18T21:21:14.372] [DEBUG] cheese - admin
[2020-10-18T21:21:14.472] [DEBUG] cheese - null
[2020-10-18T21:21:14.472] [DEBUG] cheese - null
[2020-10-19T11:56:41.509] [DEBUG] cheese - login => username:admin,password:123456
[2020-10-19T11:56:41.511] [DEBUG] cheese - admin
[2020-10-19T11:56:41.628] [DEBUG] cheese - null
[2020-10-19T11:56:41.629] [DEBUG] cheese - null
